

*******************************************************************************
Fri Feb 26 20:00:09 2021


FIT:    data read from 'C:\Users\Denise_Heiko\Documents\latex\FS T19E\data.csv' using 2:3
        format = x:z
        #datapoints = 181
        residuals are weighted equally (unit weight)

function used for fitting: g(x)
	g(x)=c+d*x+e*x*x
fitted parameters initialized with current variable values

iter      chisq       delta/lim  lambda   c             d             e            
   0 2.5798491752e+07  0.00e+00 2.16e+02  1.000000e+00  1.000000e+00  1.000000e+00
   5 1.9829930408e-01 -6.75e-01 2.16e-03  3.953994e-02  1.097951e-02  3.883934e-02

After 5 iterations the fit converged.
final sum of squares of residuals : 0.198299
rel. change during last iteration : -6.74971e-006

degrees of freedom    (FIT_NDF)                        : 178
rms of residuals      (FIT_STDFIT) = sqrt(WSSR/ndf)    : 0.0333773
variance of residuals (reduced chisquare) = WSSR/ndf   : 0.00111404

Final set of parameters            Asymptotic Standard Error
=======================            ==========================
c               = 0.0395399        +/- 0.00664      (16.79%)
d               = 0.0109795        +/- 0.001193     (10.86%)
e               = 0.0388393        +/- 4.416e-005   (0.1137%)

correlation matrix of the fit parameters:
                c      d      e      
c               1.000 
d              -0.788  1.000 
e               0.642 -0.969  1.000 


*******************************************************************************
Fri Feb 26 20:00:26 2021


FIT:    data read from 'C:\Users\Denise_Heiko\Documents\latex\FS T19E\data.csv' using 2:3
        format = x:z
        #datapoints = 181
        residuals are weighted equally (unit weight)

function used for fitting: g(x)
	g(x)=c+d*x+e*x*x
fitted parameters initialized with current variable values

iter      chisq       delta/lim  lambda   c             d             e            
   0 2.5798491752e+07  0.00e+00 2.16e+02  1.000000e+00  1.000000e+00  1.000000e+00
   5 1.9829930408e-01 -6.75e-01 2.16e-03  3.953994e-02  1.097951e-02  3.883934e-02

After 5 iterations the fit converged.
final sum of squares of residuals : 0.198299
rel. change during last iteration : -6.74971e-006

degrees of freedom    (FIT_NDF)                        : 178
rms of residuals      (FIT_STDFIT) = sqrt(WSSR/ndf)    : 0.0333773
variance of residuals (reduced chisquare) = WSSR/ndf   : 0.00111404

Final set of parameters            Asymptotic Standard Error
=======================            ==========================
c               = 0.0395399        +/- 0.00664      (16.79%)
d               = 0.0109795        +/- 0.001193     (10.86%)
e               = 0.0388393        +/- 4.416e-005   (0.1137%)

correlation matrix of the fit parameters:
                c      d      e      
c               1.000 
d              -0.788  1.000 
e               0.642 -0.969  1.000 


*******************************************************************************
Fri Feb 26 20:01:24 2021


FIT:    data read from 'C:\Users\Denise_Heiko\Documents\latex\FS T19E\data.csv' using 2:3
        format = x:z
        #datapoints = 181
        residuals are weighted equally (unit weight)

function used for fitting: g(x)
	g(x)=c+d*x+e*x*x
fitted parameters initialized with current variable values

iter      chisq       delta/lim  lambda   c             d             e            
   0 2.5798491752e+07  0.00e+00 2.16e+02  1.000000e+00  1.000000e+00  1.000000e+00
   5 1.9829930408e-01 -6.75e-01 2.16e-03  3.953994e-02  1.097951e-02  3.883934e-02

After 5 iterations the fit converged.
final sum of squares of residuals : 0.198299
rel. change during last iteration : -6.74971e-006

degrees of freedom    (FIT_NDF)                        : 178
rms of residuals      (FIT_STDFIT) = sqrt(WSSR/ndf)    : 0.0333773
variance of residuals (reduced chisquare) = WSSR/ndf   : 0.00111404

Final set of parameters            Asymptotic Standard Error
=======================            ==========================
c               = 0.0395399        +/- 0.00664      (16.79%)
d               = 0.0109795        +/- 0.001193     (10.86%)
e               = 0.0388393        +/- 4.416e-005   (0.1137%)

correlation matrix of the fit parameters:
                c      d      e      
c               1.000 
d              -0.788  1.000 
e               0.642 -0.969  1.000 


*******************************************************************************
Fri Feb 26 20:01:34 2021


FIT:    data read from 'C:\Users\Denise_Heiko\Documents\latex\FS T19E\data.csv' using 2:3
        format = x:z
        #datapoints = 181
        residuals are weighted equally (unit weight)

function used for fitting: g(x)
	g(x)=c+d*x+e*x*x
fitted parameters initialized with current variable values

iter      chisq       delta/lim  lambda   c             d             e            
   0 2.5798491752e+07  0.00e+00 2.16e+02  1.000000e+00  1.000000e+00  1.000000e+00
   5 1.9829930408e-01 -6.75e-01 2.16e-03  3.953994e-02  1.097951e-02  3.883934e-02

After 5 iterations the fit converged.
final sum of squares of residuals : 0.198299
rel. change during last iteration : -6.74971e-006

degrees of freedom    (FIT_NDF)                        : 178
rms of residuals      (FIT_STDFIT) = sqrt(WSSR/ndf)    : 0.0333773
variance of residuals (reduced chisquare) = WSSR/ndf   : 0.00111404

Final set of parameters            Asymptotic Standard Error
=======================            ==========================
c               = 0.0395399        +/- 0.00664      (16.79%)
d               = 0.0109795        +/- 0.001193     (10.86%)
e               = 0.0388393        +/- 4.416e-005   (0.1137%)

correlation matrix of the fit parameters:
                c      d      e      
c               1.000 
d              -0.788  1.000 
e               0.642 -0.969  1.000 


*******************************************************************************
Fri Feb 26 20:05:01 2021


FIT:    data read from 'C:\Users\Denise_Heiko\Documents\latex\FS T19E\data.csv' using 2:3
        format = x:z
        #datapoints = 181
        residuals are weighted equally (unit weight)

function used for fitting: g(x)
	g(x)=c+d*x+e*x*x
fitted parameters initialized with current variable values

iter      chisq       delta/lim  lambda   c             d             e            
   0 2.5798491752e+07  0.00e+00 2.16e+02  1.000000e+00  1.000000e+00  1.000000e+00
   5 1.9829930408e-01 -6.75e-01 2.16e-03  3.953994e-02  1.097951e-02  3.883934e-02

After 5 iterations the fit converged.
final sum of squares of residuals : 0.198299
rel. change during last iteration : -6.74971e-006

degrees of freedom    (FIT_NDF)                        : 178
rms of residuals      (FIT_STDFIT) = sqrt(WSSR/ndf)    : 0.0333773
variance of residuals (reduced chisquare) = WSSR/ndf   : 0.00111404

Final set of parameters            Asymptotic Standard Error
=======================            ==========================
c               = 0.0395399        +/- 0.00664      (16.79%)
d               = 0.0109795        +/- 0.001193     (10.86%)
e               = 0.0388393        +/- 4.416e-005   (0.1137%)

correlation matrix of the fit parameters:
                c      d      e      
c               1.000 
d              -0.788  1.000 
e               0.642 -0.969  1.000 


*******************************************************************************
Fri Feb 26 20:05:44 2021


FIT:    data read from 'C:\Users\Denise_Heiko\Documents\latex\FS T19E\data.csv' using 2:3
        format = x:z
        #datapoints = 181
        residuals are weighted equally (unit weight)

function used for fitting: g(x)
	g(x)=c+d*x+e*x*x
fitted parameters initialized with current variable values

iter      chisq       delta/lim  lambda   c             d             e            
   0 2.5798491752e+07  0.00e+00 2.16e+02  1.000000e+00  1.000000e+00  1.000000e+00
   5 1.9829930408e-01 -6.75e-01 2.16e-03  3.953994e-02  1.097951e-02  3.883934e-02

After 5 iterations the fit converged.
final sum of squares of residuals : 0.198299
rel. change during last iteration : -6.74971e-006

degrees of freedom    (FIT_NDF)                        : 178
rms of residuals      (FIT_STDFIT) = sqrt(WSSR/ndf)    : 0.0333773
variance of residuals (reduced chisquare) = WSSR/ndf   : 0.00111404

Final set of parameters            Asymptotic Standard Error
=======================            ==========================
c               = 0.0395399        +/- 0.00664      (16.79%)
d               = 0.0109795        +/- 0.001193     (10.86%)
e               = 0.0388393        +/- 4.416e-005   (0.1137%)

correlation matrix of the fit parameters:
                c      d      e      
c               1.000 
d              -0.788  1.000 
e               0.642 -0.969  1.000 


*******************************************************************************
Fri Feb 26 20:10:52 2021


FIT:    data read from 'C:\Users\Denise_Heiko\Documents\latex\FS T19E\data.csv' using 2:3
        format = x:z
        #datapoints = 181
        residuals are weighted equally (unit weight)

function used for fitting: g(x)
	g(x)=c+d*x+e*x*x
fitted parameters initialized with current variable values

iter      chisq       delta/lim  lambda   c             d             e            
   0 2.5798491752e+07  0.00e+00 2.16e+02  1.000000e+00  1.000000e+00  1.000000e+00
   5 1.9829930408e-01 -6.75e-01 2.16e-03  3.953994e-02  1.097951e-02  3.883934e-02

After 5 iterations the fit converged.
final sum of squares of residuals : 0.198299
rel. change during last iteration : -6.74971e-006

degrees of freedom    (FIT_NDF)                        : 178
rms of residuals      (FIT_STDFIT) = sqrt(WSSR/ndf)    : 0.0333773
variance of residuals (reduced chisquare) = WSSR/ndf   : 0.00111404

Final set of parameters            Asymptotic Standard Error
=======================            ==========================
c               = 0.0395399        +/- 0.00664      (16.79%)
d               = 0.0109795        +/- 0.001193     (10.86%)
e               = 0.0388393        +/- 4.416e-005   (0.1137%)

correlation matrix of the fit parameters:
                c      d      e      
c               1.000 
d              -0.788  1.000 
e               0.642 -0.969  1.000 


*******************************************************************************
Fri Feb 26 20:11:15 2021


FIT:    data read from 'C:\Users\Denise_Heiko\Documents\latex\FS T19E\data.csv' using 2:3
        format = x:z
        #datapoints = 181
        residuals are weighted equally (unit weight)

function used for fitting: g(x)
	g(x)=c+d*x+e*x*x
fitted parameters initialized with current variable values

iter      chisq       delta/lim  lambda   c             d             e            
   0 2.5798491752e+07  0.00e+00 2.16e+02  1.000000e+00  1.000000e+00  1.000000e+00
   5 1.9829930408e-01 -6.75e-01 2.16e-03  3.953994e-02  1.097951e-02  3.883934e-02

After 5 iterations the fit converged.
final sum of squares of residuals : 0.198299
rel. change during last iteration : -6.74971e-006

degrees of freedom    (FIT_NDF)                        : 178
rms of residuals      (FIT_STDFIT) = sqrt(WSSR/ndf)    : 0.0333773
variance of residuals (reduced chisquare) = WSSR/ndf   : 0.00111404

Final set of parameters            Asymptotic Standard Error
=======================            ==========================
c               = 0.0395399        +/- 0.00664      (16.79%)
d               = 0.0109795        +/- 0.001193     (10.86%)
e               = 0.0388393        +/- 4.416e-005   (0.1137%)

correlation matrix of the fit parameters:
                c      d      e      
c               1.000 
d              -0.788  1.000 
e               0.642 -0.969  1.000 


*******************************************************************************
Fri Feb 26 20:14:07 2021


FIT:    data read from 'C:\Users\Denise_Heiko\Documents\latex\FS T19E\data.csv' using 2:3
        format = x:z
        #datapoints = 181
        residuals are weighted equally (unit weight)

function used for fitting: g(x)
	g(x)=c+d*x+e*x*x
fitted parameters initialized with current variable values

iter      chisq       delta/lim  lambda   c             d             e            
   0 2.5798491752e+07  0.00e+00 2.16e+02  1.000000e+00  1.000000e+00  1.000000e+00
   5 1.9829930408e-01 -6.75e-01 2.16e-03  3.953994e-02  1.097951e-02  3.883934e-02

After 5 iterations the fit converged.
final sum of squares of residuals : 0.198299
rel. change during last iteration : -6.74971e-006

degrees of freedom    (FIT_NDF)                        : 178
rms of residuals      (FIT_STDFIT) = sqrt(WSSR/ndf)    : 0.0333773
variance of residuals (reduced chisquare) = WSSR/ndf   : 0.00111404

Final set of parameters            Asymptotic Standard Error
=======================            ==========================
c               = 0.0395399        +/- 0.00664      (16.79%)
d               = 0.0109795        +/- 0.001193     (10.86%)
e               = 0.0388393        +/- 4.416e-005   (0.1137%)

correlation matrix of the fit parameters:
                c      d      e      
c               1.000 
d              -0.788  1.000 
e               0.642 -0.969  1.000 


*******************************************************************************
Fri Feb 26 20:14:15 2021


FIT:    data read from 'C:\Users\Denise_Heiko\Documents\latex\FS T19E\data.csv' using 2:3
        format = x:z
        #datapoints = 181
        residuals are weighted equally (unit weight)

function used for fitting: g(x)
	g(x)=c+d*x+e*x*x
fitted parameters initialized with current variable values

iter      chisq       delta/lim  lambda   c             d             e            
   0 2.5798491752e+07  0.00e+00 2.16e+02  1.000000e+00  1.000000e+00  1.000000e+00
   5 1.9829930408e-01 -6.75e-01 2.16e-03  3.953994e-02  1.097951e-02  3.883934e-02

After 5 iterations the fit converged.
final sum of squares of residuals : 0.198299
rel. change during last iteration : -6.74971e-006

degrees of freedom    (FIT_NDF)                        : 178
rms of residuals      (FIT_STDFIT) = sqrt(WSSR/ndf)    : 0.0333773
variance of residuals (reduced chisquare) = WSSR/ndf   : 0.00111404

Final set of parameters            Asymptotic Standard Error
=======================            ==========================
c               = 0.0395399        +/- 0.00664      (16.79%)
d               = 0.0109795        +/- 0.001193     (10.86%)
e               = 0.0388393        +/- 4.416e-005   (0.1137%)

correlation matrix of the fit parameters:
                c      d      e      
c               1.000 
d              -0.788  1.000 
e               0.642 -0.969  1.000 


*******************************************************************************
Fri Feb 26 20:14:55 2021


FIT:    data read from 'C:\Users\Denise_Heiko\Documents\latex\FS T19E\data.csv' using 2:3
        format = x:z
        #datapoints = 181
        residuals are weighted equally (unit weight)

function used for fitting: g(x)
	g(x)=c+d*x+e*x*x
fitted parameters initialized with current variable values

iter      chisq       delta/lim  lambda   c             d             e            
   0 2.5798491752e+07  0.00e+00 2.16e+02  1.000000e+00  1.000000e+00  1.000000e+00
   5 1.9829930408e-01 -6.75e-01 2.16e-03  3.953994e-02  1.097951e-02  3.883934e-02

After 5 iterations the fit converged.
final sum of squares of residuals : 0.198299
rel. change during last iteration : -6.74971e-006

degrees of freedom    (FIT_NDF)                        : 178
rms of residuals      (FIT_STDFIT) = sqrt(WSSR/ndf)    : 0.0333773
variance of residuals (reduced chisquare) = WSSR/ndf   : 0.00111404

Final set of parameters            Asymptotic Standard Error
=======================            ==========================
c               = 0.0395399        +/- 0.00664      (16.79%)
d               = 0.0109795        +/- 0.001193     (10.86%)
e               = 0.0388393        +/- 4.416e-005   (0.1137%)

correlation matrix of the fit parameters:
                c      d      e      
c               1.000 
d              -0.788  1.000 
e               0.642 -0.969  1.000 


*******************************************************************************
Fri Feb 26 20:16:46 2021


FIT:    data read from 'C:\Users\Denise_Heiko\Documents\latex\FS T19E\data.csv' using 2:3
        format = x:z
        #datapoints = 181
        residuals are weighted equally (unit weight)

function used for fitting: g(x)
	g(x)=c+d*x+e*x*x
fitted parameters initialized with current variable values

iter      chisq       delta/lim  lambda   c             d             e            
   0 2.5798491752e+07  0.00e+00 2.16e+02  1.000000e+00  1.000000e+00  1.000000e+00
   5 1.9829930408e-01 -6.75e-01 2.16e-03  3.953994e-02  1.097951e-02  3.883934e-02

After 5 iterations the fit converged.
final sum of squares of residuals : 0.198299
rel. change during last iteration : -6.74971e-006

degrees of freedom    (FIT_NDF)                        : 178
rms of residuals      (FIT_STDFIT) = sqrt(WSSR/ndf)    : 0.0333773
variance of residuals (reduced chisquare) = WSSR/ndf   : 0.00111404

Final set of parameters            Asymptotic Standard Error
=======================            ==========================
c               = 0.0395399        +/- 0.00664      (16.79%)
d               = 0.0109795        +/- 0.001193     (10.86%)
e               = 0.0388393        +/- 4.416e-005   (0.1137%)

correlation matrix of the fit parameters:
                c      d      e      
c               1.000 
d              -0.788  1.000 
e               0.642 -0.969  1.000 


*******************************************************************************
Fri Feb 26 20:17:36 2021


FIT:    data read from 'C:\Users\Denise_Heiko\Documents\latex\FS T19E\data.csv' using 2:3
        format = x:z
        #datapoints = 181
        residuals are weighted equally (unit weight)

function used for fitting: g(x)
	g(x)=c+d*x+e*x*x
fitted parameters initialized with current variable values

iter      chisq       delta/lim  lambda   c             d             e            
   0 2.5798491752e+07  0.00e+00 2.16e+02  1.000000e+00  1.000000e+00  1.000000e+00
   5 1.9829930408e-01 -6.75e-01 2.16e-03  3.953994e-02  1.097951e-02  3.883934e-02

After 5 iterations the fit converged.
final sum of squares of residuals : 0.198299
rel. change during last iteration : -6.74971e-006

degrees of freedom    (FIT_NDF)                        : 178
rms of residuals      (FIT_STDFIT) = sqrt(WSSR/ndf)    : 0.0333773
variance of residuals (reduced chisquare) = WSSR/ndf   : 0.00111404

Final set of parameters            Asymptotic Standard Error
=======================            ==========================
c               = 0.0395399        +/- 0.00664      (16.79%)
d               = 0.0109795        +/- 0.001193     (10.86%)
e               = 0.0388393        +/- 4.416e-005   (0.1137%)

correlation matrix of the fit parameters:
                c      d      e      
c               1.000 
d              -0.788  1.000 
e               0.642 -0.969  1.000 


*******************************************************************************
Fri Feb 26 20:19:49 2021


FIT:    data read from 'C:\Users\Denise_Heiko\Documents\latex\FS T19E\data.csv' using 2:3
        format = x:z
        #datapoints = 181
        residuals are weighted equally (unit weight)

function used for fitting: g(x)
	g(x)=c+d*x+e*x*x
fitted parameters initialized with current variable values

iter      chisq       delta/lim  lambda   c             d             e            
   0 2.5798491752e+07  0.00e+00 2.16e+02  1.000000e+00  1.000000e+00  1.000000e+00
   5 1.9829930408e-01 -6.75e-01 2.16e-03  3.953994e-02  1.097951e-02  3.883934e-02

After 5 iterations the fit converged.
final sum of squares of residuals : 0.198299
rel. change during last iteration : -6.74971e-006

degrees of freedom    (FIT_NDF)                        : 178
rms of residuals      (FIT_STDFIT) = sqrt(WSSR/ndf)    : 0.0333773
variance of residuals (reduced chisquare) = WSSR/ndf   : 0.00111404

Final set of parameters            Asymptotic Standard Error
=======================            ==========================
c               = 0.0395399        +/- 0.00664      (16.79%)
d               = 0.0109795        +/- 0.001193     (10.86%)
e               = 0.0388393        +/- 4.416e-005   (0.1137%)

correlation matrix of the fit parameters:
                c      d      e      
c               1.000 
d              -0.788  1.000 
e               0.642 -0.969  1.000 


*******************************************************************************
Fri Feb 26 20:20:10 2021


FIT:    data read from 'C:\Users\Denise_Heiko\Documents\latex\FS T19E\data.csv' using 2:3
        format = x:z
        #datapoints = 181
        residuals are weighted equally (unit weight)

function used for fitting: g(x)
	g(x)=c+d*x+e*x*x
fitted parameters initialized with current variable values

iter      chisq       delta/lim  lambda   c             d             e            
   0 2.5798491752e+07  0.00e+00 2.16e+02  1.000000e+00  1.000000e+00  1.000000e+00
   5 1.9829930408e-01 -6.75e-01 2.16e-03  3.953994e-02  1.097951e-02  3.883934e-02

After 5 iterations the fit converged.
final sum of squares of residuals : 0.198299
rel. change during last iteration : -6.74971e-006

degrees of freedom    (FIT_NDF)                        : 178
rms of residuals      (FIT_STDFIT) = sqrt(WSSR/ndf)    : 0.0333773
variance of residuals (reduced chisquare) = WSSR/ndf   : 0.00111404

Final set of parameters            Asymptotic Standard Error
=======================            ==========================
c               = 0.0395399        +/- 0.00664      (16.79%)
d               = 0.0109795        +/- 0.001193     (10.86%)
e               = 0.0388393        +/- 4.416e-005   (0.1137%)

correlation matrix of the fit parameters:
                c      d      e      
c               1.000 
d              -0.788  1.000 
e               0.642 -0.969  1.000 


*******************************************************************************
Fri Feb 26 20:20:50 2021


FIT:    data read from 'C:\Users\Denise_Heiko\Documents\latex\FS T19E\data.csv' using 2:3
        format = x:z
        #datapoints = 181
        residuals are weighted equally (unit weight)

function used for fitting: g(x)
	g(x)=c+d*x+e*x*x
fitted parameters initialized with current variable values

iter      chisq       delta/lim  lambda   c             d             e            
   0 2.5798491752e+07  0.00e+00 2.16e+02  1.000000e+00  1.000000e+00  1.000000e+00
   5 1.9829930408e-01 -6.75e-01 2.16e-03  3.953994e-02  1.097951e-02  3.883934e-02

After 5 iterations the fit converged.
final sum of squares of residuals : 0.198299
rel. change during last iteration : -6.74971e-006

degrees of freedom    (FIT_NDF)                        : 178
rms of residuals      (FIT_STDFIT) = sqrt(WSSR/ndf)    : 0.0333773
variance of residuals (reduced chisquare) = WSSR/ndf   : 0.00111404

Final set of parameters            Asymptotic Standard Error
=======================            ==========================
c               = 0.0395399        +/- 0.00664      (16.79%)
d               = 0.0109795        +/- 0.001193     (10.86%)
e               = 0.0388393        +/- 4.416e-005   (0.1137%)

correlation matrix of the fit parameters:
                c      d      e      
c               1.000 
d              -0.788  1.000 
e               0.642 -0.969  1.000 


*******************************************************************************
Fri Feb 26 20:21:11 2021


FIT:    data read from 'C:\Users\Denise_Heiko\Documents\latex\FS T19E\data.csv' using 2:3
        format = x:z
        #datapoints = 181
        residuals are weighted equally (unit weight)

function used for fitting: g(x)
	g(x)=c+d*x+e*x*x
fitted parameters initialized with current variable values

iter      chisq       delta/lim  lambda   c             d             e            
   0 2.5798491752e+07  0.00e+00 2.16e+02  1.000000e+00  1.000000e+00  1.000000e+00
   5 1.9829930408e-01 -6.75e-01 2.16e-03  3.953994e-02  1.097951e-02  3.883934e-02

After 5 iterations the fit converged.
final sum of squares of residuals : 0.198299
rel. change during last iteration : -6.74971e-006

degrees of freedom    (FIT_NDF)                        : 178
rms of residuals      (FIT_STDFIT) = sqrt(WSSR/ndf)    : 0.0333773
variance of residuals (reduced chisquare) = WSSR/ndf   : 0.00111404

Final set of parameters            Asymptotic Standard Error
=======================            ==========================
c               = 0.0395399        +/- 0.00664      (16.79%)
d               = 0.0109795        +/- 0.001193     (10.86%)
e               = 0.0388393        +/- 4.416e-005   (0.1137%)

correlation matrix of the fit parameters:
                c      d      e      
c               1.000 
d              -0.788  1.000 
e               0.642 -0.969  1.000 


*******************************************************************************
Fri Feb 26 20:21:39 2021


FIT:    data read from 'C:\Users\Denise_Heiko\Documents\latex\FS T19E\data.csv' using 2:3
        format = x:z
        #datapoints = 181
        residuals are weighted equally (unit weight)

function used for fitting: g(x)
	g(x)=c+d*x+e*x*x
fitted parameters initialized with current variable values

iter      chisq       delta/lim  lambda   c             d             e            
   0 2.5798491752e+07  0.00e+00 2.16e+02  1.000000e+00  1.000000e+00  1.000000e+00
   5 1.9829930408e-01 -6.75e-01 2.16e-03  3.953994e-02  1.097951e-02  3.883934e-02

After 5 iterations the fit converged.
final sum of squares of residuals : 0.198299
rel. change during last iteration : -6.74971e-006

degrees of freedom    (FIT_NDF)                        : 178
rms of residuals      (FIT_STDFIT) = sqrt(WSSR/ndf)    : 0.0333773
variance of residuals (reduced chisquare) = WSSR/ndf   : 0.00111404

Final set of parameters            Asymptotic Standard Error
=======================            ==========================
c               = 0.0395399        +/- 0.00664      (16.79%)
d               = 0.0109795        +/- 0.001193     (10.86%)
e               = 0.0388393        +/- 4.416e-005   (0.1137%)

correlation matrix of the fit parameters:
                c      d      e      
c               1.000 
d              -0.788  1.000 
e               0.642 -0.969  1.000 


*******************************************************************************
Fri Feb 26 20:22:07 2021


FIT:    data read from 'C:\Users\Denise_Heiko\Documents\latex\FS T19E\data.csv' using 2:3
        format = x:z
        #datapoints = 181
        residuals are weighted equally (unit weight)

function used for fitting: g(x)
	g(x)=c+d*x+e*x*x
fitted parameters initialized with current variable values

iter      chisq       delta/lim  lambda   c             d             e            
   0 2.5798491752e+07  0.00e+00 2.16e+02  1.000000e+00  1.000000e+00  1.000000e+00
   5 1.9829930408e-01 -6.75e-01 2.16e-03  3.953994e-02  1.097951e-02  3.883934e-02

After 5 iterations the fit converged.
final sum of squares of residuals : 0.198299
rel. change during last iteration : -6.74971e-006

degrees of freedom    (FIT_NDF)                        : 178
rms of residuals      (FIT_STDFIT) = sqrt(WSSR/ndf)    : 0.0333773
variance of residuals (reduced chisquare) = WSSR/ndf   : 0.00111404

Final set of parameters            Asymptotic Standard Error
=======================            ==========================
c               = 0.0395399        +/- 0.00664      (16.79%)
d               = 0.0109795        +/- 0.001193     (10.86%)
e               = 0.0388393        +/- 4.416e-005   (0.1137%)

correlation matrix of the fit parameters:
                c      d      e      
c               1.000 
d              -0.788  1.000 
e               0.642 -0.969  1.000 


*******************************************************************************
Fri Feb 26 20:25:12 2021


FIT:    data read from 'C:\Users\Denise_Heiko\Documents\latex\FS T19E\data.csv' using 2:3
        format = x:z
        #datapoints = 181
        residuals are weighted equally (unit weight)

function used for fitting: g(x)
	g(x)=c+d*x+e*x*x
fitted parameters initialized with current variable values

iter      chisq       delta/lim  lambda   c             d             e            
   0 2.5798491752e+07  0.00e+00 2.16e+02  1.000000e+00  1.000000e+00  1.000000e+00
   5 1.9829930408e-01 -6.75e-01 2.16e-03  3.953994e-02  1.097951e-02  3.883934e-02

After 5 iterations the fit converged.
final sum of squares of residuals : 0.198299
rel. change during last iteration : -6.74971e-006

degrees of freedom    (FIT_NDF)                        : 178
rms of residuals      (FIT_STDFIT) = sqrt(WSSR/ndf)    : 0.0333773
variance of residuals (reduced chisquare) = WSSR/ndf   : 0.00111404

Final set of parameters            Asymptotic Standard Error
=======================            ==========================
c               = 0.0395399        +/- 0.00664      (16.79%)
d               = 0.0109795        +/- 0.001193     (10.86%)
e               = 0.0388393        +/- 4.416e-005   (0.1137%)

correlation matrix of the fit parameters:
                c      d      e      
c               1.000 
d              -0.788  1.000 
e               0.642 -0.969  1.000 


*******************************************************************************
Fri Feb 26 20:28:05 2021


FIT:    data read from 'C:\Users\Denise_Heiko\Documents\latex\FS T19E\data.csv' using 2:3
        format = x:z
        #datapoints = 181
        residuals are weighted equally (unit weight)

function used for fitting: g(x)
	g(x)=c+d*x+e*x*x
fitted parameters initialized with current variable values

iter      chisq       delta/lim  lambda   c             d             e            
   0 2.5798491752e+07  0.00e+00 2.16e+02  1.000000e+00  1.000000e+00  1.000000e+00
   5 1.9829930408e-01 -6.75e-01 2.16e-03  3.953994e-02  1.097951e-02  3.883934e-02

After 5 iterations the fit converged.
final sum of squares of residuals : 0.198299
rel. change during last iteration : -6.74971e-006

degrees of freedom    (FIT_NDF)                        : 178
rms of residuals      (FIT_STDFIT) = sqrt(WSSR/ndf)    : 0.0333773
variance of residuals (reduced chisquare) = WSSR/ndf   : 0.00111404

Final set of parameters            Asymptotic Standard Error
=======================            ==========================
c               = 0.0395399        +/- 0.00664      (16.79%)
d               = 0.0109795        +/- 0.001193     (10.86%)
e               = 0.0388393        +/- 4.416e-005   (0.1137%)

correlation matrix of the fit parameters:
                c      d      e      
c               1.000 
d              -0.788  1.000 
e               0.642 -0.969  1.000 


*******************************************************************************
Fri Feb 26 20:28:49 2021


FIT:    data read from 'C:\Users\Denise_Heiko\Documents\latex\FS T19E\data.csv' using 2:3
        format = x:z
        #datapoints = 181
        residuals are weighted equally (unit weight)

function used for fitting: g(x)
	g(x)=c+d*x+e*x*x
fitted parameters initialized with current variable values

iter      chisq       delta/lim  lambda   c             d             e            
   0 2.5798491752e+07  0.00e+00 2.16e+02  1.000000e+00  1.000000e+00  1.000000e+00
   5 1.9829930408e-01 -6.75e-01 2.16e-03  3.953994e-02  1.097951e-02  3.883934e-02

After 5 iterations the fit converged.
final sum of squares of residuals : 0.198299
rel. change during last iteration : -6.74971e-006

degrees of freedom    (FIT_NDF)                        : 178
rms of residuals      (FIT_STDFIT) = sqrt(WSSR/ndf)    : 0.0333773
variance of residuals (reduced chisquare) = WSSR/ndf   : 0.00111404

Final set of parameters            Asymptotic Standard Error
=======================            ==========================
c               = 0.0395399        +/- 0.00664      (16.79%)
d               = 0.0109795        +/- 0.001193     (10.86%)
e               = 0.0388393        +/- 4.416e-005   (0.1137%)

correlation matrix of the fit parameters:
                c      d      e      
c               1.000 
d              -0.788  1.000 
e               0.642 -0.969  1.000 


*******************************************************************************
Fri Feb 26 20:31:44 2021


FIT:    data read from 'C:\Users\Denise_Heiko\Documents\latex\FS T19E\data.csv' using 2:3
        format = x:z
        #datapoints = 181
        residuals are weighted equally (unit weight)

function used for fitting: g(x)
	g(x)=c+d*x+e*x*x
fitted parameters initialized with current variable values

iter      chisq       delta/lim  lambda   c             d             e            
   0 2.5798491752e+07  0.00e+00 2.16e+02  1.000000e+00  1.000000e+00  1.000000e+00
   5 1.9829930408e-01 -6.75e-01 2.16e-03  3.953994e-02  1.097951e-02  3.883934e-02

After 5 iterations the fit converged.
final sum of squares of residuals : 0.198299
rel. change during last iteration : -6.74971e-006

degrees of freedom    (FIT_NDF)                        : 178
rms of residuals      (FIT_STDFIT) = sqrt(WSSR/ndf)    : 0.0333773
variance of residuals (reduced chisquare) = WSSR/ndf   : 0.00111404

Final set of parameters            Asymptotic Standard Error
=======================            ==========================
c               = 0.0395399        +/- 0.00664      (16.79%)
d               = 0.0109795        +/- 0.001193     (10.86%)
e               = 0.0388393        +/- 4.416e-005   (0.1137%)

correlation matrix of the fit parameters:
                c      d      e      
c               1.000 
d              -0.788  1.000 
e               0.642 -0.969  1.000 


*******************************************************************************
Fri Feb 26 20:31:58 2021


FIT:    data read from 'C:\Users\Denise_Heiko\Documents\latex\FS T19E\data.csv' using 2:3
        format = x:z
        #datapoints = 181
        residuals are weighted equally (unit weight)

function used for fitting: g(x)
	g(x)=c+d*x+e*x*x
fitted parameters initialized with current variable values

iter      chisq       delta/lim  lambda   c             d             e            
   0 2.5798491752e+07  0.00e+00 2.16e+02  1.000000e+00  1.000000e+00  1.000000e+00
   5 1.9829930408e-01 -6.75e-01 2.16e-03  3.953994e-02  1.097951e-02  3.883934e-02

After 5 iterations the fit converged.
final sum of squares of residuals : 0.198299
rel. change during last iteration : -6.74971e-006

degrees of freedom    (FIT_NDF)                        : 178
rms of residuals      (FIT_STDFIT) = sqrt(WSSR/ndf)    : 0.0333773
variance of residuals (reduced chisquare) = WSSR/ndf   : 0.00111404

Final set of parameters            Asymptotic Standard Error
=======================            ==========================
c               = 0.0395399        +/- 0.00664      (16.79%)
d               = 0.0109795        +/- 0.001193     (10.86%)
e               = 0.0388393        +/- 4.416e-005   (0.1137%)

correlation matrix of the fit parameters:
                c      d      e      
c               1.000 
d              -0.788  1.000 
e               0.642 -0.969  1.000 


*******************************************************************************
Fri Feb 26 20:40:08 2021


FIT:    data read from 'C:\Users\Denise_Heiko\Documents\latex\FS T19E\data.csv' using 2:3
        format = x:z
        #datapoints = 128
        residuals are weighted equally (unit weight)

function used for fitting: g(x)
	g(x)=c+d*x+e*x*x
fitted parameters initialized with current variable values

iter      chisq       delta/lim  lambda   c             d             e            
   0 4.5556164484e+06  0.00e+00 1.06e+02  1.000000e+00  1.000000e+00  1.000000e+00
   5 1.0295614936e-01 -2.85e-02 1.06e-03  4.328098e-02  6.764350e-03  3.899146e-02

After 5 iterations the fit converged.
final sum of squares of residuals : 0.102956
rel. change during last iteration : -2.85455e-007

degrees of freedom    (FIT_NDF)                        : 125
rms of residuals      (FIT_STDFIT) = sqrt(WSSR/ndf)    : 0.0286993
variance of residuals (reduced chisquare) = WSSR/ndf   : 0.000823649

Final set of parameters            Asymptotic Standard Error
=======================            ==========================
c               = 0.043281         +/- 0.007822     (18.07%)
d               = 0.00676435       +/- 0.001604     (23.72%)
e               = 0.0389915        +/- 8.033e-005   (0.206%)

correlation matrix of the fit parameters:
                c      d      e      
c               1.000 
d              -0.815  1.000 
e               0.627 -0.951  1.000 


*******************************************************************************
Fri Feb 26 21:12:19 2021


FIT:    data read from 'C:\Users\Denise_Heiko\Documents\latex\FS T19E\data.csv' using 2:3
        format = x:z
        #datapoints = 128
        residuals are weighted equally (unit weight)

function used for fitting: g(x)
	g(x)=c+d*x+e*x*x
fitted parameters initialized with current variable values

iter      chisq       delta/lim  lambda   c             d             e            
   0 4.5556164484e+06  0.00e+00 1.06e+02  1.000000e+00  1.000000e+00  1.000000e+00
   5 1.0295614936e-01 -2.85e-02 1.06e-03  4.328098e-02  6.764350e-03  3.899146e-02

After 5 iterations the fit converged.
final sum of squares of residuals : 0.102956
rel. change during last iteration : -2.85455e-007

degrees of freedom    (FIT_NDF)                        : 125
rms of residuals      (FIT_STDFIT) = sqrt(WSSR/ndf)    : 0.0286993
variance of residuals (reduced chisquare) = WSSR/ndf   : 0.000823649

Final set of parameters            Asymptotic Standard Error
=======================            ==========================
c               = 0.043281         +/- 0.007822     (18.07%)
d               = 0.00676435       +/- 0.001604     (23.72%)
e               = 0.0389915        +/- 8.033e-005   (0.206%)

correlation matrix of the fit parameters:
                c      d      e      
c               1.000 
d              -0.815  1.000 
e               0.627 -0.951  1.000 


*******************************************************************************
Sat Feb 27 09:49:57 2021


FIT:    data read from 'C:\Users\Denise_Heiko\Documents\latex\FS T19E\data.csv' using 2:3
        format = x:z
        #datapoints = 128
        residuals are weighted equally (unit weight)

function used for fitting: g(x)
	g(x)=c+d*x+e*x*x
fitted parameters initialized with current variable values

iter      chisq       delta/lim  lambda   c             d             e            
   0 4.5556164484e+06  0.00e+00 1.06e+02  1.000000e+00  1.000000e+00  1.000000e+00
   5 1.0295614936e-01 -2.85e-02 1.06e-03  4.328098e-02  6.764350e-03  3.899146e-02

After 5 iterations the fit converged.
final sum of squares of residuals : 0.102956
rel. change during last iteration : -2.85455e-007

degrees of freedom    (FIT_NDF)                        : 125
rms of residuals      (FIT_STDFIT) = sqrt(WSSR/ndf)    : 0.0286993
variance of residuals (reduced chisquare) = WSSR/ndf   : 0.000823649

Final set of parameters            Asymptotic Standard Error
=======================            ==========================
c               = 0.043281         +/- 0.007822     (18.07%)
d               = 0.00676435       +/- 0.001604     (23.72%)
e               = 0.0389915        +/- 8.033e-005   (0.206%)

correlation matrix of the fit parameters:
                c      d      e      
c               1.000 
d              -0.815  1.000 
e               0.627 -0.951  1.000 


*******************************************************************************
Sat Feb 27 09:57:03 2021


FIT:    data read from 'C:\Users\Denise_Heiko\Documents\latex\FS T19E\data.csv' using 2:3
        format = x:z
        #datapoints = 128
        residuals are weighted equally (unit weight)

function used for fitting: g(x)
	g(x)=c+d*x+e*x*x
fitted parameters initialized with current variable values

iter      chisq       delta/lim  lambda   c             d             e            
   0 4.5556164484e+06  0.00e+00 1.06e+02  1.000000e+00  1.000000e+00  1.000000e+00
   5 1.0295614936e-01 -2.85e-02 1.06e-03  4.328098e-02  6.764350e-03  3.899146e-02

After 5 iterations the fit converged.
final sum of squares of residuals : 0.102956
rel. change during last iteration : -2.85455e-007

degrees of freedom    (FIT_NDF)                        : 125
rms of residuals      (FIT_STDFIT) = sqrt(WSSR/ndf)    : 0.0286993
variance of residuals (reduced chisquare) = WSSR/ndf   : 0.000823649

Final set of parameters            Asymptotic Standard Error
=======================            ==========================
c               = 0.043281         +/- 0.007822     (18.07%)
d               = 0.00676435       +/- 0.001604     (23.72%)
e               = 0.0389915        +/- 8.033e-005   (0.206%)

correlation matrix of the fit parameters:
                c      d      e      
c               1.000 
d              -0.815  1.000 
e               0.627 -0.951  1.000 


*******************************************************************************
Sat Feb 27 09:57:27 2021


FIT:    data read from 'C:\Users\Denise_Heiko\Documents\latex\FS T19E\data.csv' using 2:3
        format = x:z
        #datapoints = 128
        residuals are weighted equally (unit weight)

function used for fitting: g(x)
	g(x)=c+d*x+e*x*x
fitted parameters initialized with current variable values

iter      chisq       delta/lim  lambda   c             d             e            
   0 4.5556164484e+06  0.00e+00 1.06e+02  1.000000e+00  1.000000e+00  1.000000e+00
   5 1.0295614936e-01 -2.85e-02 1.06e-03  4.328098e-02  6.764350e-03  3.899146e-02

After 5 iterations the fit converged.
final sum of squares of residuals : 0.102956
rel. change during last iteration : -2.85455e-007

degrees of freedom    (FIT_NDF)                        : 125
rms of residuals      (FIT_STDFIT) = sqrt(WSSR/ndf)    : 0.0286993
variance of residuals (reduced chisquare) = WSSR/ndf   : 0.000823649

Final set of parameters            Asymptotic Standard Error
=======================            ==========================
c               = 0.043281         +/- 0.007822     (18.07%)
d               = 0.00676435       +/- 0.001604     (23.72%)
e               = 0.0389915        +/- 8.033e-005   (0.206%)

correlation matrix of the fit parameters:
                c      d      e      
c               1.000 
d              -0.815  1.000 
e               0.627 -0.951  1.000 


*******************************************************************************
Sun Feb 28 09:07:46 2021


FIT:    data read from 'C:\Users\Denise_Heiko\Documents\latex\FS T19E\data.csv' using 2:3
        format = x:z
        #datapoints = 128
        residuals are weighted equally (unit weight)

function used for fitting: g(x)
	g(x)=c+d*x+e*x*x
fitted parameters initialized with current variable values

iter      chisq       delta/lim  lambda   c             d             e            
   0 4.5556164484e+06  0.00e+00 1.06e+02  1.000000e+00  1.000000e+00  1.000000e+00
   5 1.0295614936e-01 -2.85e-02 1.06e-03  4.328098e-02  6.764350e-03  3.899146e-02

After 5 iterations the fit converged.
final sum of squares of residuals : 0.102956
rel. change during last iteration : -2.85455e-007

degrees of freedom    (FIT_NDF)                        : 125
rms of residuals      (FIT_STDFIT) = sqrt(WSSR/ndf)    : 0.0286993
variance of residuals (reduced chisquare) = WSSR/ndf   : 0.000823649

Final set of parameters            Asymptotic Standard Error
=======================            ==========================
c               = 0.043281         +/- 0.007822     (18.07%)
d               = 0.00676435       +/- 0.001604     (23.72%)
e               = 0.0389915        +/- 8.033e-005   (0.206%)

correlation matrix of the fit parameters:
                c      d      e      
c               1.000 
d              -0.815  1.000 
e               0.627 -0.951  1.000 


*******************************************************************************
Sun Feb 28 21:46:50 2021


FIT:    data read from 'C:\Users\Denise_Heiko\Documents\latex\FS T19E\data.csv' using 2:3
        format = x:z
        #datapoints = 128
        residuals are weighted equally (unit weight)

function used for fitting: g(x)
	g(x)=c+d*x+e*x*x
fitted parameters initialized with current variable values

iter      chisq       delta/lim  lambda   c             d             e            
   0 4.5556164484e+06  0.00e+00 1.06e+02  1.000000e+00  1.000000e+00  1.000000e+00
   5 1.0295614936e-01 -2.85e-02 1.06e-03  4.328098e-02  6.764350e-03  3.899146e-02

After 5 iterations the fit converged.
final sum of squares of residuals : 0.102956
rel. change during last iteration : -2.85455e-007

degrees of freedom    (FIT_NDF)                        : 125
rms of residuals      (FIT_STDFIT) = sqrt(WSSR/ndf)    : 0.0286993
variance of residuals (reduced chisquare) = WSSR/ndf   : 0.000823649

Final set of parameters            Asymptotic Standard Error
=======================            ==========================
c               = 0.043281         +/- 0.007822     (18.07%)
d               = 0.00676435       +/- 0.001604     (23.72%)
e               = 0.0389915        +/- 8.033e-005   (0.206%)

correlation matrix of the fit parameters:
                c      d      e      
c               1.000 
d              -0.815  1.000 
e               0.627 -0.951  1.000 


*******************************************************************************
Sun Feb 28 21:54:24 2021


FIT:    data read from 'C:\Users\Denise_Heiko\Documents\latex\FS T19E\data.csv' using 2:3
        format = x:z
        #datapoints = 298
        residuals are weighted equally (unit weight)

function used for fitting: g(x)
	g(x)=c+d*x+e*x*x
fitted parameters initialized with current variable values

iter      chisq       delta/lim  lambda   c             d             e            
   0 7.6560297746e+07  0.00e+00 2.91e+02  1.000000e+00  1.000000e+00  1.000000e+00
   6 2.3975572906e-01 -8.59e-09 2.91e-04  5.728846e-02  1.357778e-02  3.530371e-02

After 6 iterations the fit converged.
final sum of squares of residuals : 0.239756
rel. change during last iteration : -8.58984e-014

degrees of freedom    (FIT_NDF)                        : 295
rms of residuals      (FIT_STDFIT) = sqrt(WSSR/ndf)    : 0.0285084
variance of residuals (reduced chisquare) = WSSR/ndf   : 0.000812731

Final set of parameters            Asymptotic Standard Error
=======================            ==========================
c               = 0.0572885        +/- 0.005958     (10.4%)
d               = 0.0135778        +/- 0.0007462    (5.496%)
e               = 0.0353037        +/- 2.276e-005   (0.06447%)

correlation matrix of the fit parameters:
                c      d      e      
c               1.000 
d              -0.834  1.000 
e               0.663 -0.958  1.000 


*******************************************************************************
Mon Mar 01 09:30:09 2021


FIT:    data read from 'C:\Users\Denise_Heiko\Documents\latex\FS T19E\data.csv' using 2:3
        format = x:z
        #datapoints = 298
        residuals are weighted equally (unit weight)

function used for fitting: g(x)
	g(x)=c+d*x+e*x*x
fitted parameters initialized with current variable values

iter      chisq       delta/lim  lambda   c             d             e            
   0 7.6560297746e+07  0.00e+00 2.91e+02  1.000000e+00  1.000000e+00  1.000000e+00
   6 2.3975572906e-01 -8.59e-09 2.91e-04  5.728846e-02  1.357778e-02  3.530371e-02

After 6 iterations the fit converged.
final sum of squares of residuals : 0.239756
rel. change during last iteration : -8.58984e-014

degrees of freedom    (FIT_NDF)                        : 295
rms of residuals      (FIT_STDFIT) = sqrt(WSSR/ndf)    : 0.0285084
variance of residuals (reduced chisquare) = WSSR/ndf   : 0.000812731

Final set of parameters            Asymptotic Standard Error
=======================            ==========================
c               = 0.0572885        +/- 0.005958     (10.4%)
d               = 0.0135778        +/- 0.0007462    (5.496%)
e               = 0.0353037        +/- 2.276e-005   (0.06447%)

correlation matrix of the fit parameters:
                c      d      e      
c               1.000 
d              -0.834  1.000 
e               0.663 -0.958  1.000 


*******************************************************************************
Mon Mar 01 09:32:02 2021


FIT:    data read from 'C:\Users\Denise_Heiko\Documents\latex\FS T19E\data.csv' using 2:3
        format = x:z
        #datapoints = 298
        residuals are weighted equally (unit weight)

function used for fitting: g(x)
	g(x)=c+d*x+e*x*x
fitted parameters initialized with current variable values

iter      chisq       delta/lim  lambda   c             d             e            
   0 7.6560297746e+07  0.00e+00 2.91e+02  1.000000e+00  1.000000e+00  1.000000e+00
   6 2.3975572906e-01 -8.59e-09 2.91e-04  5.728846e-02  1.357778e-02  3.530371e-02

After 6 iterations the fit converged.
final sum of squares of residuals : 0.239756
rel. change during last iteration : -8.58984e-014

degrees of freedom    (FIT_NDF)                        : 295
rms of residuals      (FIT_STDFIT) = sqrt(WSSR/ndf)    : 0.0285084
variance of residuals (reduced chisquare) = WSSR/ndf   : 0.000812731

Final set of parameters            Asymptotic Standard Error
=======================            ==========================
c               = 0.0572885        +/- 0.005958     (10.4%)
d               = 0.0135778        +/- 0.0007462    (5.496%)
e               = 0.0353037        +/- 2.276e-005   (0.06447%)

correlation matrix of the fit parameters:
                c      d      e      
c               1.000 
d              -0.834  1.000 
e               0.663 -0.958  1.000 


*******************************************************************************
Mon Mar 01 09:32:25 2021


FIT:    data read from 'C:\Users\Denise_Heiko\Documents\latex\FS T19E\data.csv' using 2:3
        format = x:z
        #datapoints = 298
        residuals are weighted equally (unit weight)

function used for fitting: g(x)
	g(x)=c+d*x+e*x*x
fitted parameters initialized with current variable values

iter      chisq       delta/lim  lambda   c             d             e            
   0 7.6560297746e+07  0.00e+00 2.91e+02  1.000000e+00  1.000000e+00  1.000000e+00
   6 2.3975572906e-01 -8.59e-09 2.91e-04  5.728846e-02  1.357778e-02  3.530371e-02

After 6 iterations the fit converged.
final sum of squares of residuals : 0.239756
rel. change during last iteration : -8.58984e-014

degrees of freedom    (FIT_NDF)                        : 295
rms of residuals      (FIT_STDFIT) = sqrt(WSSR/ndf)    : 0.0285084
variance of residuals (reduced chisquare) = WSSR/ndf   : 0.000812731

Final set of parameters            Asymptotic Standard Error
=======================            ==========================
c               = 0.0572885        +/- 0.005958     (10.4%)
d               = 0.0135778        +/- 0.0007462    (5.496%)
e               = 0.0353037        +/- 2.276e-005   (0.06447%)

correlation matrix of the fit parameters:
                c      d      e      
c               1.000 
d              -0.834  1.000 
e               0.663 -0.958  1.000 


*******************************************************************************
Mon Mar 01 09:33:58 2021


FIT:    data read from 'C:\Users\Denise_Heiko\Documents\latex\FS T19E\data.csv' using 2:3
        format = x:z
        #datapoints = 298
        residuals are weighted equally (unit weight)

function used for fitting: g(x)
	g(x)=c+d*x+e*x*x
fitted parameters initialized with current variable values

iter      chisq       delta/lim  lambda   c             d             e            
   0 7.6560297746e+07  0.00e+00 2.91e+02  1.000000e+00  1.000000e+00  1.000000e+00
   6 2.3975572906e-01 -8.59e-09 2.91e-04  5.728846e-02  1.357778e-02  3.530371e-02

After 6 iterations the fit converged.
final sum of squares of residuals : 0.239756
rel. change during last iteration : -8.58984e-014

degrees of freedom    (FIT_NDF)                        : 295
rms of residuals      (FIT_STDFIT) = sqrt(WSSR/ndf)    : 0.0285084
variance of residuals (reduced chisquare) = WSSR/ndf   : 0.000812731

Final set of parameters            Asymptotic Standard Error
=======================            ==========================
c               = 0.0572885        +/- 0.005958     (10.4%)
d               = 0.0135778        +/- 0.0007462    (5.496%)
e               = 0.0353037        +/- 2.276e-005   (0.06447%)

correlation matrix of the fit parameters:
                c      d      e      
c               1.000 
d              -0.834  1.000 
e               0.663 -0.958  1.000 


*******************************************************************************
Mon Mar 01 09:34:28 2021


FIT:    data read from 'C:\Users\Denise_Heiko\Documents\latex\FS T19E\data.csv' using 2:3
        format = x:z
        #datapoints = 298
        residuals are weighted equally (unit weight)

function used for fitting: g(x)
	g(x)=c+d*x+e*x*x
fitted parameters initialized with current variable values

iter      chisq       delta/lim  lambda   c             d             e            
   0 7.6560297746e+07  0.00e+00 2.91e+02  1.000000e+00  1.000000e+00  1.000000e+00
   6 2.3975572906e-01 -8.59e-09 2.91e-04  5.728846e-02  1.357778e-02  3.530371e-02

After 6 iterations the fit converged.
final sum of squares of residuals : 0.239756
rel. change during last iteration : -8.58984e-014

degrees of freedom    (FIT_NDF)                        : 295
rms of residuals      (FIT_STDFIT) = sqrt(WSSR/ndf)    : 0.0285084
variance of residuals (reduced chisquare) = WSSR/ndf   : 0.000812731

Final set of parameters            Asymptotic Standard Error
=======================            ==========================
c               = 0.0572885        +/- 0.005958     (10.4%)
d               = 0.0135778        +/- 0.0007462    (5.496%)
e               = 0.0353037        +/- 2.276e-005   (0.06447%)

correlation matrix of the fit parameters:
                c      d      e      
c               1.000 
d              -0.834  1.000 
e               0.663 -0.958  1.000 


*******************************************************************************
Mon Mar 01 09:39:00 2021


FIT:    data read from 'C:\Users\Denise_Heiko\Documents\latex\FS T19E\data.csv' using 2:3
        format = x:z
        #datapoints = 298
        residuals are weighted equally (unit weight)

function used for fitting: g(x)
	g(x)=c+d*x+e*x*x
fitted parameters initialized with current variable values

iter      chisq       delta/lim  lambda   c             d             e            
   0 7.6560297746e+07  0.00e+00 2.91e+02  1.000000e+00  1.000000e+00  1.000000e+00
   6 2.3975572906e-01 -8.59e-09 2.91e-04  5.728846e-02  1.357778e-02  3.530371e-02

After 6 iterations the fit converged.
final sum of squares of residuals : 0.239756
rel. change during last iteration : -8.58984e-014

degrees of freedom    (FIT_NDF)                        : 295
rms of residuals      (FIT_STDFIT) = sqrt(WSSR/ndf)    : 0.0285084
variance of residuals (reduced chisquare) = WSSR/ndf   : 0.000812731

Final set of parameters            Asymptotic Standard Error
=======================            ==========================
c               = 0.0572885        +/- 0.005958     (10.4%)
d               = 0.0135778        +/- 0.0007462    (5.496%)
e               = 0.0353037        +/- 2.276e-005   (0.06447%)

correlation matrix of the fit parameters:
                c      d      e      
c               1.000 
d              -0.834  1.000 
e               0.663 -0.958  1.000 


*******************************************************************************
Mon Mar 01 09:39:20 2021


FIT:    data read from 'C:\Users\Denise_Heiko\Documents\latex\FS T19E\data.csv' using 2:3
        format = x:z
        #datapoints = 298
        residuals are weighted equally (unit weight)

function used for fitting: g(x)
	g(x)=c+d*x+e*x*x
fitted parameters initialized with current variable values

iter      chisq       delta/lim  lambda   c             d             e            
   0 7.6560297746e+07  0.00e+00 2.91e+02  1.000000e+00  1.000000e+00  1.000000e+00
   6 2.3975572906e-01 -8.59e-09 2.91e-04  5.728846e-02  1.357778e-02  3.530371e-02

After 6 iterations the fit converged.
final sum of squares of residuals : 0.239756
rel. change during last iteration : -8.58984e-014

degrees of freedom    (FIT_NDF)                        : 295
rms of residuals      (FIT_STDFIT) = sqrt(WSSR/ndf)    : 0.0285084
variance of residuals (reduced chisquare) = WSSR/ndf   : 0.000812731

Final set of parameters            Asymptotic Standard Error
=======================            ==========================
c               = 0.0572885        +/- 0.005958     (10.4%)
d               = 0.0135778        +/- 0.0007462    (5.496%)
e               = 0.0353037        +/- 2.276e-005   (0.06447%)

correlation matrix of the fit parameters:
                c      d      e      
c               1.000 
d              -0.834  1.000 
e               0.663 -0.958  1.000 


*******************************************************************************
Mon Mar 01 11:48:19 2021


FIT:    data read from 'C:\Users\Denise_Heiko\Documents\latex\FS T19E\data.csv' using 2:3
        format = x:z
        #datapoints = 298
        residuals are weighted equally (unit weight)

function used for fitting: g(x)
	g(x)=c+d*x+e*x*x
fitted parameters initialized with current variable values

iter      chisq       delta/lim  lambda   c             d             e            
   0 7.6560297746e+07  0.00e+00 2.91e+02  1.000000e+00  1.000000e+00  1.000000e+00
   6 2.3975572906e-01 -8.59e-09 2.91e-04  5.728846e-02  1.357778e-02  3.530371e-02

After 6 iterations the fit converged.
final sum of squares of residuals : 0.239756
rel. change during last iteration : -8.58984e-014

degrees of freedom    (FIT_NDF)                        : 295
rms of residuals      (FIT_STDFIT) = sqrt(WSSR/ndf)    : 0.0285084
variance of residuals (reduced chisquare) = WSSR/ndf   : 0.000812731

Final set of parameters            Asymptotic Standard Error
=======================            ==========================
c               = 0.0572885        +/- 0.005958     (10.4%)
d               = 0.0135778        +/- 0.0007462    (5.496%)
e               = 0.0353037        +/- 2.276e-005   (0.06447%)

correlation matrix of the fit parameters:
                c      d      e      
c               1.000 
d              -0.834  1.000 
e               0.663 -0.958  1.000 


*******************************************************************************
Mon Mar 01 12:02:51 2021


FIT:    data read from 'C:\Users\Denise_Heiko\Documents\latex\FS T19E\data.csv' using 2:3
        format = x:z
        #datapoints = 298
        residuals are weighted equally (unit weight)

function used for fitting: g(x)
	g(x)=c+d*x+e*x*x
fitted parameters initialized with current variable values

iter      chisq       delta/lim  lambda   c             d             e            
   0 7.6560297746e+07  0.00e+00 2.91e+02  1.000000e+00  1.000000e+00  1.000000e+00
   6 2.3975572906e-01 -8.59e-09 2.91e-04  5.728846e-02  1.357778e-02  3.530371e-02

After 6 iterations the fit converged.
final sum of squares of residuals : 0.239756
rel. change during last iteration : -8.58984e-014

degrees of freedom    (FIT_NDF)                        : 295
rms of residuals      (FIT_STDFIT) = sqrt(WSSR/ndf)    : 0.0285084
variance of residuals (reduced chisquare) = WSSR/ndf   : 0.000812731

Final set of parameters            Asymptotic Standard Error
=======================            ==========================
c               = 0.0572885        +/- 0.005958     (10.4%)
d               = 0.0135778        +/- 0.0007462    (5.496%)
e               = 0.0353037        +/- 2.276e-005   (0.06447%)

correlation matrix of the fit parameters:
                c      d      e      
c               1.000 
d              -0.834  1.000 
e               0.663 -0.958  1.000 


*******************************************************************************
Mon Mar 01 12:40:09 2021


FIT:    data read from 'C:\Users\Denise_Heiko\Documents\latex\FS T19E\data.csv' using 2:3
        format = x:z
        #datapoints = 298
        residuals are weighted equally (unit weight)

function used for fitting: g(x)
	g(x)=c+d*x+e*x*x
fitted parameters initialized with current variable values

iter      chisq       delta/lim  lambda   c             d             e            
   0 7.6560297746e+07  0.00e+00 2.91e+02  1.000000e+00  1.000000e+00  1.000000e+00
   6 2.3975572906e-01 -8.59e-09 2.91e-04  5.728846e-02  1.357778e-02  3.530371e-02

After 6 iterations the fit converged.
final sum of squares of residuals : 0.239756
rel. change during last iteration : -8.58984e-014

degrees of freedom    (FIT_NDF)                        : 295
rms of residuals      (FIT_STDFIT) = sqrt(WSSR/ndf)    : 0.0285084
variance of residuals (reduced chisquare) = WSSR/ndf   : 0.000812731

Final set of parameters            Asymptotic Standard Error
=======================            ==========================
c               = 0.0572885        +/- 0.005958     (10.4%)
d               = 0.0135778        +/- 0.0007462    (5.496%)
e               = 0.0353037        +/- 2.276e-005   (0.06447%)

correlation matrix of the fit parameters:
                c      d      e      
c               1.000 
d              -0.834  1.000 
e               0.663 -0.958  1.000 


*******************************************************************************
Mon Mar 01 12:46:19 2021


FIT:    data read from 'C:\Users\Denise_Heiko\Documents\latex\FS T19E\data.csv' using 2:3
        format = x:z
        #datapoints = 298
        residuals are weighted equally (unit weight)

function used for fitting: g(x)
	g(x)=c+d*x+e*x*x
fitted parameters initialized with current variable values

iter      chisq       delta/lim  lambda   c             d             e            
   0 7.6560297746e+07  0.00e+00 2.91e+02  1.000000e+00  1.000000e+00  1.000000e+00
   6 2.3975572906e-01 -8.59e-09 2.91e-04  5.728846e-02  1.357778e-02  3.530371e-02

After 6 iterations the fit converged.
final sum of squares of residuals : 0.239756
rel. change during last iteration : -8.58984e-014

degrees of freedom    (FIT_NDF)                        : 295
rms of residuals      (FIT_STDFIT) = sqrt(WSSR/ndf)    : 0.0285084
variance of residuals (reduced chisquare) = WSSR/ndf   : 0.000812731

Final set of parameters            Asymptotic Standard Error
=======================            ==========================
c               = 0.0572885        +/- 0.005958     (10.4%)
d               = 0.0135778        +/- 0.0007462    (5.496%)
e               = 0.0353037        +/- 2.276e-005   (0.06447%)

correlation matrix of the fit parameters:
                c      d      e      
c               1.000 
d              -0.834  1.000 
e               0.663 -0.958  1.000 


*******************************************************************************
Mon Mar 01 12:53:22 2021


FIT:    data read from 'C:\Users\Denise_Heiko\Documents\latex\FS T19E\data.csv' using 2:3
        format = x:z
        #datapoints = 298
        residuals are weighted equally (unit weight)

function used for fitting: g(x)
	g(x)=c+d*x+e*x*x
fitted parameters initialized with current variable values

iter      chisq       delta/lim  lambda   c             d             e            
   0 7.6560297746e+07   0.00e+00  2.91e+02    1.000000e+00   1.000000e+00   1.000000e+00
   6 2.3975572906e-01  -7.94e-09  2.91e-04    5.728846e-02   1.357778e-02   3.530371e-02

After 6 iterations the fit converged.
final sum of squares of residuals : 0.239756
rel. change during last iteration : -7.94155e-14

degrees of freedom    (FIT_NDF)                        : 295
rms of residuals      (FIT_STDFIT) = sqrt(WSSR/ndf)    : 0.0285084
variance of residuals (reduced chisquare) = WSSR/ndf   : 0.000812731

Final set of parameters            Asymptotic Standard Error
=======================            ==========================
c               = 0.0572885        +/- 0.005958     (10.4%)
d               = 0.0135778        +/- 0.0007462    (5.496%)
e               = 0.0353037        +/- 2.276e-05    (0.06447%)

correlation matrix of the fit parameters:
                c      d      e      
c               1.000 
d              -0.834  1.000 
e               0.663 -0.958  1.000 


*******************************************************************************
Mon Mar 01 12:56:55 2021


FIT:    data read from 'C:\Users\Denise_Heiko\Documents\latex\FS T19E\data.csv' using 2:3
        format = x:z
        #datapoints = 298
        residuals are weighted equally (unit weight)

function used for fitting: g(x)
	g(x)=c+d*x+e*x*x
fitted parameters initialized with current variable values

iter      chisq       delta/lim  lambda   c             d             e            
   0 7.6560297746e+07   0.00e+00  2.91e+02    1.000000e+00   1.000000e+00   1.000000e+00
   6 2.3975572906e-01  -7.94e-09  2.91e-04    5.728846e-02   1.357778e-02   3.530371e-02

After 6 iterations the fit converged.
final sum of squares of residuals : 0.239756
rel. change during last iteration : -7.94155e-14

degrees of freedom    (FIT_NDF)                        : 295
rms of residuals      (FIT_STDFIT) = sqrt(WSSR/ndf)    : 0.0285084
variance of residuals (reduced chisquare) = WSSR/ndf   : 0.000812731

Final set of parameters            Asymptotic Standard Error
=======================            ==========================
c               = 0.0572885        +/- 0.005958     (10.4%)
d               = 0.0135778        +/- 0.0007462    (5.496%)
e               = 0.0353037        +/- 2.276e-05    (0.06447%)

correlation matrix of the fit parameters:
                c      d      e      
c               1.000 
d              -0.834  1.000 
e               0.663 -0.958  1.000 


*******************************************************************************
Mon Mar 01 12:57:08 2021


FIT:    data read from 'C:\Users\Denise_Heiko\Documents\latex\FS T19E\data.csv' using 2:3
        format = x:z
        #datapoints = 298
        residuals are weighted equally (unit weight)

function used for fitting: g(x)
	g(x)=c+d*x+e*x*x
fitted parameters initialized with current variable values

iter      chisq       delta/lim  lambda   c             d             e            
   0 7.6560297746e+07   0.00e+00  2.91e+02    1.000000e+00   1.000000e+00   1.000000e+00
   6 2.3975572906e-01  -7.94e-09  2.91e-04    5.728846e-02   1.357778e-02   3.530371e-02

After 6 iterations the fit converged.
final sum of squares of residuals : 0.239756
rel. change during last iteration : -7.94155e-14

degrees of freedom    (FIT_NDF)                        : 295
rms of residuals      (FIT_STDFIT) = sqrt(WSSR/ndf)    : 0.0285084
variance of residuals (reduced chisquare) = WSSR/ndf   : 0.000812731

Final set of parameters            Asymptotic Standard Error
=======================            ==========================
c               = 0.0572885        +/- 0.005958     (10.4%)
d               = 0.0135778        +/- 0.0007462    (5.496%)
e               = 0.0353037        +/- 2.276e-05    (0.06447%)

correlation matrix of the fit parameters:
                c      d      e      
c               1.000 
d              -0.834  1.000 
e               0.663 -0.958  1.000 


*******************************************************************************
Mon Mar 01 12:57:16 2021


FIT:    data read from 'C:\Users\Denise_Heiko\Documents\latex\FS T19E\data.csv' using 2:3
        format = x:z
        #datapoints = 298
        residuals are weighted equally (unit weight)

function used for fitting: g(x)
	g(x)=c+d*x+e*x*x
fitted parameters initialized with current variable values

iter      chisq       delta/lim  lambda   c             d             e            
   0 7.6560297746e+07   0.00e+00  2.91e+02    1.000000e+00   1.000000e+00   1.000000e+00
   6 2.3975572906e-01  -7.94e-09  2.91e-04    5.728846e-02   1.357778e-02   3.530371e-02

After 6 iterations the fit converged.
final sum of squares of residuals : 0.239756
rel. change during last iteration : -7.94155e-14

degrees of freedom    (FIT_NDF)                        : 295
rms of residuals      (FIT_STDFIT) = sqrt(WSSR/ndf)    : 0.0285084
variance of residuals (reduced chisquare) = WSSR/ndf   : 0.000812731

Final set of parameters            Asymptotic Standard Error
=======================            ==========================
c               = 0.0572885        +/- 0.005958     (10.4%)
d               = 0.0135778        +/- 0.0007462    (5.496%)
e               = 0.0353037        +/- 2.276e-05    (0.06447%)

correlation matrix of the fit parameters:
                c      d      e      
c               1.000 
d              -0.834  1.000 
e               0.663 -0.958  1.000 


*******************************************************************************
Mon Mar 01 13:05:38 2021


FIT:    data read from DATAFILE using 2:3
        format = x:z
        #datapoints = 298
        residuals are weighted equally (unit weight)

function used for fitting: g(x)
	g(x)=c+d*x+e*x*x
fitted parameters initialized with current variable values

iter      chisq       delta/lim  lambda   c             d             e            
   0 7.6560297746e+07   0.00e+00  2.91e+02    1.000000e+00   1.000000e+00   1.000000e+00
   6 2.3975572906e-01  -7.94e-09  2.91e-04    5.728846e-02   1.357778e-02   3.530371e-02

After 6 iterations the fit converged.
final sum of squares of residuals : 0.239756
rel. change during last iteration : -7.94155e-14

degrees of freedom    (FIT_NDF)                        : 295
rms of residuals      (FIT_STDFIT) = sqrt(WSSR/ndf)    : 0.0285084
variance of residuals (reduced chisquare) = WSSR/ndf   : 0.000812731

Final set of parameters            Asymptotic Standard Error
=======================            ==========================
c               = 0.0572885        +/- 0.005958     (10.4%)
d               = 0.0135778        +/- 0.0007462    (5.496%)
e               = 0.0353037        +/- 2.276e-05    (0.06447%)

correlation matrix of the fit parameters:
                c      d      e      
c               1.000 
d              -0.834  1.000 
e               0.663 -0.958  1.000 


*******************************************************************************
Mon Mar 01 13:06:00 2021


FIT:    data read from DATAFILE using 2:3
        format = x:z
        #datapoints = 181
        residuals are weighted equally (unit weight)

function used for fitting: g(x)
	g(x)=c+d*x+e*x*x
fitted parameters initialized with current variable values

iter      chisq       delta/lim  lambda   c             d             e            
   0 2.5798491752e+07   0.00e+00  2.16e+02    1.000000e+00   1.000000e+00   1.000000e+00
   5 1.9829930408e-01  -6.75e-01  2.16e-03    3.953994e-02   1.097951e-02   3.883934e-02

After 5 iterations the fit converged.
final sum of squares of residuals : 0.198299
rel. change during last iteration : -6.74971e-06

degrees of freedom    (FIT_NDF)                        : 178
rms of residuals      (FIT_STDFIT) = sqrt(WSSR/ndf)    : 0.0333773
variance of residuals (reduced chisquare) = WSSR/ndf   : 0.00111404

Final set of parameters            Asymptotic Standard Error
=======================            ==========================
c               = 0.0395399        +/- 0.00664      (16.79%)
d               = 0.0109795        +/- 0.001193     (10.86%)
e               = 0.0388393        +/- 4.416e-05    (0.1137%)

correlation matrix of the fit parameters:
                c      d      e      
c               1.000 
d              -0.788  1.000 
e               0.642 -0.969  1.000 


*******************************************************************************
Mon Mar 01 13:06:58 2021


FIT:    data read from DATAFILE using 2:3
        format = x:z
        #datapoints = 128
        residuals are weighted equally (unit weight)

function used for fitting: g(x)
	g(x)=c+d*x+e*x*x
fitted parameters initialized with current variable values

iter      chisq       delta/lim  lambda   c             d             e            
   0 4.5556164484e+06   0.00e+00  1.06e+02    1.000000e+00   1.000000e+00   1.000000e+00
   5 1.0295614936e-01  -2.85e-02  1.06e-03    4.328098e-02   6.764350e-03   3.899146e-02

After 5 iterations the fit converged.
final sum of squares of residuals : 0.102956
rel. change during last iteration : -2.85455e-07

degrees of freedom    (FIT_NDF)                        : 125
rms of residuals      (FIT_STDFIT) = sqrt(WSSR/ndf)    : 0.0286993
variance of residuals (reduced chisquare) = WSSR/ndf   : 0.000823649

Final set of parameters            Asymptotic Standard Error
=======================            ==========================
c               = 0.043281         +/- 0.007822     (18.07%)
d               = 0.00676435       +/- 0.001604     (23.72%)
e               = 0.0389915        +/- 8.033e-05    (0.206%)

correlation matrix of the fit parameters:
                c      d      e      
c               1.000 
d              -0.815  1.000 
e               0.627 -0.951  1.000 


*******************************************************************************
Mon Mar 01 13:07:18 2021


FIT:    data read from DATAFILE using 2:3
        format = x:z
        #datapoints = 181
        residuals are weighted equally (unit weight)

function used for fitting: g(x)
	g(x)=c+d*x+e*x*x
fitted parameters initialized with current variable values

iter      chisq       delta/lim  lambda   c             d             e            
   0 2.5798491752e+07   0.00e+00  2.16e+02    1.000000e+00   1.000000e+00   1.000000e+00
   5 1.9829930408e-01  -6.75e-01  2.16e-03    3.953994e-02   1.097951e-02   3.883934e-02

After 5 iterations the fit converged.
final sum of squares of residuals : 0.198299
rel. change during last iteration : -6.74971e-06

degrees of freedom    (FIT_NDF)                        : 178
rms of residuals      (FIT_STDFIT) = sqrt(WSSR/ndf)    : 0.0333773
variance of residuals (reduced chisquare) = WSSR/ndf   : 0.00111404

Final set of parameters            Asymptotic Standard Error
=======================            ==========================
c               = 0.0395399        +/- 0.00664      (16.79%)
d               = 0.0109795        +/- 0.001193     (10.86%)
e               = 0.0388393        +/- 4.416e-05    (0.1137%)

correlation matrix of the fit parameters:
                c      d      e      
c               1.000 
d              -0.788  1.000 
e               0.642 -0.969  1.000 


*******************************************************************************
Mon Mar 01 13:07:27 2021


FIT:    data read from DATAFILE using 2:3
        format = x:z
        #datapoints = 298
        residuals are weighted equally (unit weight)

function used for fitting: g(x)
	g(x)=c+d*x+e*x*x
fitted parameters initialized with current variable values

iter      chisq       delta/lim  lambda   c             d             e            
   0 7.6560297746e+07   0.00e+00  2.91e+02    1.000000e+00   1.000000e+00   1.000000e+00
   6 2.3975572906e-01  -7.94e-09  2.91e-04    5.728846e-02   1.357778e-02   3.530371e-02

After 6 iterations the fit converged.
final sum of squares of residuals : 0.239756
rel. change during last iteration : -7.94155e-14

degrees of freedom    (FIT_NDF)                        : 295
rms of residuals      (FIT_STDFIT) = sqrt(WSSR/ndf)    : 0.0285084
variance of residuals (reduced chisquare) = WSSR/ndf   : 0.000812731

Final set of parameters            Asymptotic Standard Error
=======================            ==========================
c               = 0.0572885        +/- 0.005958     (10.4%)
d               = 0.0135778        +/- 0.0007462    (5.496%)
e               = 0.0353037        +/- 2.276e-05    (0.06447%)

correlation matrix of the fit parameters:
                c      d      e      
c               1.000 
d              -0.834  1.000 
e               0.663 -0.958  1.000 


*******************************************************************************
Mon Mar 01 13:15:54 2021


FIT:    data read from DATAFILE using 2:3
        format = x:z
        #datapoints = 150
        residuals are weighted equally (unit weight)

function used for fitting: g(x)
	g(x)=c+d*x+e*x*x
fitted parameters initialized with current variable values

iter      chisq       delta/lim  lambda   c             d             e            
   0 3.2323597934e+07   0.00e+00  2.68e+02    1.000000e+00   1.000000e+00   1.000000e+00
   5 2.1310651809e+00  -7.03e-01  2.68e-03    4.204035e-02   4.733038e-03   4.028141e-02

After 5 iterations the fit converged.
final sum of squares of residuals : 2.13107
rel. change during last iteration : -7.02879e-06

degrees of freedom    (FIT_NDF)                        : 147
rms of residuals      (FIT_STDFIT) = sqrt(WSSR/ndf)    : 0.120404
variance of residuals (reduced chisquare) = WSSR/ndf   : 0.014497

Final set of parameters            Asymptotic Standard Error
=======================            ==========================
c               = 0.0420403        +/- 0.02824      (67.18%)
d               = 0.00473304       +/- 0.004643     (98.09%)
e               = 0.0402814        +/- 0.0001549    (0.3844%)

correlation matrix of the fit parameters:
                c      d      e      
c               1.000 
d              -0.808  1.000 
e               0.676 -0.973  1.000 


*******************************************************************************
Tue Mar 02 21:53:16 2021


FIT:    data read from DATAFILE using 2:3
        format = x:z
        #datapoints = 150
        residuals are weighted equally (unit weight)

function used for fitting: g(x)
	g(x)=c+d*x+e*x*x
fitted parameters initialized with current variable values

iter      chisq       delta/lim  lambda   c             d             e            
   0 3.2323597934e+07   0.00e+00  2.68e+02    1.000000e+00   1.000000e+00   1.000000e+00
   5 2.1310651809e+00  -7.03e-01  2.68e-03    4.204035e-02   4.733038e-03   4.028141e-02

After 5 iterations the fit converged.
final sum of squares of residuals : 2.13107
rel. change during last iteration : -7.02879e-06

degrees of freedom    (FIT_NDF)                        : 147
rms of residuals      (FIT_STDFIT) = sqrt(WSSR/ndf)    : 0.120404
variance of residuals (reduced chisquare) = WSSR/ndf   : 0.014497

Final set of parameters            Asymptotic Standard Error
=======================            ==========================
c               = 0.0420403        +/- 0.02824      (67.18%)
d               = 0.00473304       +/- 0.004643     (98.09%)
e               = 0.0402814        +/- 0.0001549    (0.3844%)

correlation matrix of the fit parameters:
                c      d      e      
c               1.000 
d              -0.808  1.000 
e               0.676 -0.973  1.000 


*******************************************************************************
Wed Mar 03 17:26:15 2021


FIT:    data read from 'C:\Users\Denise_Heiko\Documents\latex\FS T19E\data.csv' using 2:3
        format = x:z
        #datapoints = 150
        residuals are weighted equally (unit weight)

function used for fitting: g(x)
	g(x)=c+d*x+e*x*x
fitted parameters initialized with current variable values

iter      chisq       delta/lim  lambda   c             d             e            
   0 3.2323597934e+07  0.00e+00 2.68e+02  1.000000e+00  1.000000e+00  1.000000e+00
   5 2.1310651809e+00 -7.03e-01 2.68e-03  4.204035e-02  4.733038e-03  4.028141e-02

After 5 iterations the fit converged.
final sum of squares of residuals : 2.13107
rel. change during last iteration : -7.02879e-006

degrees of freedom    (FIT_NDF)                        : 147
rms of residuals      (FIT_STDFIT) = sqrt(WSSR/ndf)    : 0.120404
variance of residuals (reduced chisquare) = WSSR/ndf   : 0.014497

Final set of parameters            Asymptotic Standard Error
=======================            ==========================
c               = 0.0420403        +/- 0.02824      (67.18%)
d               = 0.00473304       +/- 0.004643     (98.09%)
e               = 0.0402814        +/- 0.0001549    (0.3844%)

correlation matrix of the fit parameters:
                c      d      e      
c               1.000 
d              -0.808  1.000 
e               0.676 -0.973  1.000 


*******************************************************************************
Wed Mar 03 18:53:32 2021


FIT:    data read from 'C:\Users\Denise_Heiko\Documents\latex\FS T19E\data.csv' using 2:3
        format = x:z
        #datapoints = 150
        residuals are weighted equally (unit weight)

function used for fitting: g(x)
	g(x)=c+d*x+e*x*x
fitted parameters initialized with current variable values

iter      chisq       delta/lim  lambda   c             d             e            
   0 3.2323597934e+07  0.00e+00 2.68e+02  1.000000e+00  1.000000e+00  1.000000e+00
   5 2.1310651809e+00 -7.03e-01 2.68e-03  4.204035e-02  4.733038e-03  4.028141e-02

After 5 iterations the fit converged.
final sum of squares of residuals : 2.13107
rel. change during last iteration : -7.02879e-006

degrees of freedom    (FIT_NDF)                        : 147
rms of residuals      (FIT_STDFIT) = sqrt(WSSR/ndf)    : 0.120404
variance of residuals (reduced chisquare) = WSSR/ndf   : 0.014497

Final set of parameters            Asymptotic Standard Error
=======================            ==========================
c               = 0.0420403        +/- 0.02824      (67.18%)
d               = 0.00473304       +/- 0.004643     (98.09%)
e               = 0.0402814        +/- 0.0001549    (0.3844%)

correlation matrix of the fit parameters:
                c      d      e      
c               1.000 
d              -0.808  1.000 
e               0.676 -0.973  1.000 


*******************************************************************************
Wed Mar 03 20:23:21 2021


FIT:    data read from 'C:\Users\Denise_Heiko\Documents\latex\FS T19E\data.csv' using 2:3
        format = x:z
        #datapoints = 181
        residuals are weighted equally (unit weight)

function used for fitting: g(x)
	g(x)=c+d*x+e*x*x
fitted parameters initialized with current variable values

iter      chisq       delta/lim  lambda   c             d             e            
   0 5.2950228312e+07  0.00e+00 3.12e+02  1.000000e+00  1.000000e+00  1.000000e+00
   6 8.2642235539e-01 -7.59e-09 3.12e-04  2.063191e-02  9.561438e-03  3.841287e-02

After 6 iterations the fit converged.
final sum of squares of residuals : 0.826422
rel. change during last iteration : -7.59026e-014

degrees of freedom    (FIT_NDF)                        : 178
rms of residuals      (FIT_STDFIT) = sqrt(WSSR/ndf)    : 0.0681383
variance of residuals (reduced chisquare) = WSSR/ndf   : 0.00464282

Final set of parameters            Asymptotic Standard Error
=======================            ==========================
c               = 0.0206319        +/- 0.01466      (71.05%)
d               = 0.00956144       +/- 0.002391     (25.01%)
e               = 0.0384129        +/- 7.687e-005   (0.2001%)

correlation matrix of the fit parameters:
                c      d      e      
c               1.000 
d              -0.782  1.000 
e               0.649 -0.975  1.000 
